[debug] [2023-03-30T22:57:37.328Z] ----------------------------------------------------------------------
[debug] [2023-03-30T22:57:37.329Z] Command:       C:\Program Files\nodejs\node.exe C:\Users\bryan\AppData\Roaming\npm\node_modules\firebase-tools\lib\bin\firebase.js deploy --only functions
[debug] [2023-03-30T22:57:37.330Z] CLI Version:   11.25.2
[debug] [2023-03-30T22:57:37.330Z] Platform:      win32
[debug] [2023-03-30T22:57:37.330Z] Node Version:  v16.14.2
[debug] [2023-03-30T22:57:37.331Z] Time:          Thu Mar 30 2023 16:57:37 GMT-0600 (Mountain Daylight Time)
[debug] [2023-03-30T22:57:37.331Z] ----------------------------------------------------------------------
[debug] 
[debug] [2023-03-30T22:57:37.382Z] > command requires scopes: ["email","openid","https://www.googleapis.com/auth/cloudplatformprojects.readonly","https://www.googleapis.com/auth/firebase","https://www.googleapis.com/auth/cloud-platform"]
[debug] [2023-03-30T22:57:37.383Z] > authorizing via signed-in user (bryanguillenlds@gmail.com)
[debug] [2023-03-30T22:57:37.383Z] [iam] checking project bryandevblogs for permissions ["cloudfunctions.functions.create","cloudfunctions.functions.delete","cloudfunctions.functions.get","cloudfunctions.functions.list","cloudfunctions.functions.update","cloudfunctions.operations.get","firebase.projects.get"]
[debug] [2023-03-30T22:57:37.384Z] >>> [apiv2][query] POST https://cloudresourcemanager.googleapis.com/v1/projects/bryandevblogs:testIamPermissions [none]
[debug] [2023-03-30T22:57:37.384Z] >>> [apiv2][(partial)header] POST https://cloudresourcemanager.googleapis.com/v1/projects/bryandevblogs:testIamPermissions x-goog-quota-user=projects/bryandevblogs
[debug] [2023-03-30T22:57:37.385Z] >>> [apiv2][body] POST https://cloudresourcemanager.googleapis.com/v1/projects/bryandevblogs:testIamPermissions {"permissions":["cloudfunctions.functions.create","cloudfunctions.functions.delete","cloudfunctions.functions.get","cloudfunctions.functions.list","cloudfunctions.functions.update","cloudfunctions.operations.get","firebase.projects.get"]}
[debug] [2023-03-30T22:57:37.662Z] <<< [apiv2][status] POST https://cloudresourcemanager.googleapis.com/v1/projects/bryandevblogs:testIamPermissions 200
[debug] [2023-03-30T22:57:37.662Z] <<< [apiv2][body] POST https://cloudresourcemanager.googleapis.com/v1/projects/bryandevblogs:testIamPermissions {"permissions":["cloudfunctions.functions.create","cloudfunctions.functions.delete","cloudfunctions.functions.get","cloudfunctions.functions.list","cloudfunctions.functions.update","cloudfunctions.operations.get","firebase.projects.get"]}
[debug] [2023-03-30T22:57:37.663Z] >>> [apiv2][query] POST https://iam.googleapis.com/v1/projects/bryandevblogs/serviceAccounts/bryandevblogs@appspot.gserviceaccount.com:testIamPermissions [none]
[debug] [2023-03-30T22:57:37.663Z] >>> [apiv2][body] POST https://iam.googleapis.com/v1/projects/bryandevblogs/serviceAccounts/bryandevblogs@appspot.gserviceaccount.com:testIamPermissions {"permissions":["iam.serviceAccounts.actAs"]}
[debug] [2023-03-30T22:57:37.940Z] <<< [apiv2][status] POST https://iam.googleapis.com/v1/projects/bryandevblogs/serviceAccounts/bryandevblogs@appspot.gserviceaccount.com:testIamPermissions 200
[debug] [2023-03-30T22:57:37.940Z] <<< [apiv2][body] POST https://iam.googleapis.com/v1/projects/bryandevblogs/serviceAccounts/bryandevblogs@appspot.gserviceaccount.com:testIamPermissions {"permissions":["iam.serviceAccounts.actAs"]}
[info] 
[info] === Deploying to 'bryandevblogs'...
[info] 
[info] i  deploying functions 
[debug] [2023-03-30T22:57:37.942Z] >>> [apiv2][query] GET https://firebase.googleapis.com/v1beta1/projects/bryandevblogs [none]
[debug] [2023-03-30T22:57:38.208Z] <<< [apiv2][status] GET https://firebase.googleapis.com/v1beta1/projects/bryandevblogs 200
[debug] [2023-03-30T22:57:38.209Z] <<< [apiv2][body] GET https://firebase.googleapis.com/v1beta1/projects/bryandevblogs {"projectId":"bryandevblogs","projectNumber":"81628947095","displayName":"bryanDevBlogs","name":"projects/bryandevblogs","resources":{"hostingSite":"bryandevblogs","storageBucket":"bryandevblogs.appspot.com","locationId":"us-central"},"state":"ACTIVE","etag":"1_c61f9ec6-9a24-4e2c-8c38-bad53b5cbbc3"}
[info] i  functions: preparing codebase default for deployment 
[info] i  functions: ensuring required API cloudfunctions.googleapis.com is enabled... 
[info] i  functions: ensuring required API cloudbuild.googleapis.com is enabled... 
[info] i  artifactregistry: ensuring required API artifactregistry.googleapis.com is enabled... 
[debug] [2023-03-30T22:57:38.210Z] >>> [apiv2][query] GET https://serviceusage.googleapis.com/v1/projects/bryandevblogs/services/cloudfunctions.googleapis.com [none]
[debug] [2023-03-30T22:57:38.210Z] >>> [apiv2][(partial)header] GET https://serviceusage.googleapis.com/v1/projects/bryandevblogs/services/cloudfunctions.googleapis.com x-goog-quota-user=projects/bryandevblogs
[debug] [2023-03-30T22:57:38.211Z] >>> [apiv2][query] GET https://serviceusage.googleapis.com/v1/projects/bryandevblogs/services/runtimeconfig.googleapis.com [none]
[debug] [2023-03-30T22:57:38.211Z] >>> [apiv2][(partial)header] GET https://serviceusage.googleapis.com/v1/projects/bryandevblogs/services/runtimeconfig.googleapis.com x-goog-quota-user=projects/bryandevblogs
[debug] [2023-03-30T22:57:38.212Z] >>> [apiv2][query] GET https://serviceusage.googleapis.com/v1/projects/bryandevblogs/services/cloudbuild.googleapis.com [none]
[debug] [2023-03-30T22:57:38.212Z] >>> [apiv2][(partial)header] GET https://serviceusage.googleapis.com/v1/projects/bryandevblogs/services/cloudbuild.googleapis.com x-goog-quota-user=projects/bryandevblogs
[debug] [2023-03-30T22:57:38.212Z] >>> [apiv2][query] GET https://serviceusage.googleapis.com/v1/projects/bryandevblogs/services/artifactregistry.googleapis.com [none]
[debug] [2023-03-30T22:57:38.212Z] >>> [apiv2][(partial)header] GET https://serviceusage.googleapis.com/v1/projects/bryandevblogs/services/artifactregistry.googleapis.com x-goog-quota-user=projects/bryandevblogs
[debug] [2023-03-30T22:57:38.603Z] <<< [apiv2][status] GET https://serviceusage.googleapis.com/v1/projects/bryandevblogs/services/cloudfunctions.googleapis.com 200
[debug] [2023-03-30T22:57:38.603Z] <<< [apiv2][body] GET https://serviceusage.googleapis.com/v1/projects/bryandevblogs/services/cloudfunctions.googleapis.com [omitted]
[info] +  functions: required API cloudfunctions.googleapis.com is enabled 
[debug] [2023-03-30T22:57:38.603Z] <<< [apiv2][status] GET https://serviceusage.googleapis.com/v1/projects/bryandevblogs/services/artifactregistry.googleapis.com 200
[debug] [2023-03-30T22:57:38.603Z] <<< [apiv2][body] GET https://serviceusage.googleapis.com/v1/projects/bryandevblogs/services/artifactregistry.googleapis.com [omitted]
[warn] !  artifactregistry: missing required API artifactregistry.googleapis.com. Enabling now... 
[debug] [2023-03-30T22:57:38.604Z] >>> [apiv2][query] POST https://serviceusage.googleapis.com/v1/projects/bryandevblogs/services/artifactregistry.googleapis.com:enable [none]
[debug] [2023-03-30T22:57:38.604Z] >>> [apiv2][(partial)header] POST https://serviceusage.googleapis.com/v1/projects/bryandevblogs/services/artifactregistry.googleapis.com:enable x-goog-quota-user=projects/bryandevblogs
[debug] [2023-03-30T22:57:38.663Z] <<< [apiv2][status] GET https://serviceusage.googleapis.com/v1/projects/bryandevblogs/services/cloudbuild.googleapis.com 200
[debug] [2023-03-30T22:57:38.663Z] <<< [apiv2][body] GET https://serviceusage.googleapis.com/v1/projects/bryandevblogs/services/cloudbuild.googleapis.com [omitted]
[warn] !  functions: missing required API cloudbuild.googleapis.com. Enabling now... 
[debug] [2023-03-30T22:57:38.664Z] >>> [apiv2][query] POST https://serviceusage.googleapis.com/v1/projects/bryandevblogs/services/cloudbuild.googleapis.com:enable [none]
[debug] [2023-03-30T22:57:38.664Z] >>> [apiv2][(partial)header] POST https://serviceusage.googleapis.com/v1/projects/bryandevblogs/services/cloudbuild.googleapis.com:enable x-goog-quota-user=projects/bryandevblogs
[debug] [2023-03-30T22:57:38.679Z] <<< [apiv2][status] GET https://serviceusage.googleapis.com/v1/projects/bryandevblogs/services/runtimeconfig.googleapis.com 200
[debug] [2023-03-30T22:57:38.680Z] <<< [apiv2][body] GET https://serviceusage.googleapis.com/v1/projects/bryandevblogs/services/runtimeconfig.googleapis.com [omitted]
[debug] [2023-03-30T22:57:39.049Z] <<< [apiv2][status] POST https://serviceusage.googleapis.com/v1/projects/bryandevblogs/services/artifactregistry.googleapis.com:enable 200
[debug] [2023-03-30T22:57:39.049Z] <<< [apiv2][body] POST https://serviceusage.googleapis.com/v1/projects/bryandevblogs/services/artifactregistry.googleapis.com:enable [omitted]
[debug] [2023-03-30T22:57:39.333Z] <<< [apiv2][status] POST https://serviceusage.googleapis.com/v1/projects/bryandevblogs/services/cloudbuild.googleapis.com:enable 200
[debug] [2023-03-30T22:57:39.333Z] <<< [apiv2][body] POST https://serviceusage.googleapis.com/v1/projects/bryandevblogs/services/cloudbuild.googleapis.com:enable [omitted]
[debug] [2023-03-30T22:57:49.059Z] >>> [apiv2][query] GET https://serviceusage.googleapis.com/v1/projects/bryandevblogs/services/artifactregistry.googleapis.com [none]
[debug] [2023-03-30T22:57:49.059Z] >>> [apiv2][(partial)header] GET https://serviceusage.googleapis.com/v1/projects/bryandevblogs/services/artifactregistry.googleapis.com x-goog-quota-user=projects/bryandevblogs
[debug] [2023-03-30T22:57:49.340Z] >>> [apiv2][query] GET https://serviceusage.googleapis.com/v1/projects/bryandevblogs/services/cloudbuild.googleapis.com [none]
[debug] [2023-03-30T22:57:49.340Z] >>> [apiv2][(partial)header] GET https://serviceusage.googleapis.com/v1/projects/bryandevblogs/services/cloudbuild.googleapis.com x-goog-quota-user=projects/bryandevblogs
[debug] [2023-03-30T22:57:49.369Z] <<< [apiv2][status] GET https://serviceusage.googleapis.com/v1/projects/bryandevblogs/services/artifactregistry.googleapis.com 200
[debug] [2023-03-30T22:57:49.369Z] <<< [apiv2][body] GET https://serviceusage.googleapis.com/v1/projects/bryandevblogs/services/artifactregistry.googleapis.com [omitted]
[info] +  artifactregistry: required API artifactregistry.googleapis.com is enabled 
[debug] [2023-03-30T22:57:49.747Z] <<< [apiv2][status] GET https://serviceusage.googleapis.com/v1/projects/bryandevblogs/services/cloudbuild.googleapis.com 200
[debug] [2023-03-30T22:57:49.748Z] <<< [apiv2][body] GET https://serviceusage.googleapis.com/v1/projects/bryandevblogs/services/cloudbuild.googleapis.com [omitted]
[info] +  functions: required API cloudbuild.googleapis.com is enabled 
[debug] [2023-03-30T22:57:49.749Z] >>> [apiv2][query] GET https://firebase.googleapis.com/v1beta1/projects/bryandevblogs/adminSdkConfig [none]
[debug] [2023-03-30T22:57:49.994Z] <<< [apiv2][status] GET https://firebase.googleapis.com/v1beta1/projects/bryandevblogs/adminSdkConfig 200
[debug] [2023-03-30T22:57:49.994Z] <<< [apiv2][body] GET https://firebase.googleapis.com/v1beta1/projects/bryandevblogs/adminSdkConfig {"projectId":"bryandevblogs","storageBucket":"bryandevblogs.appspot.com","locationId":"us-central"}
[debug] [2023-03-30T22:57:49.994Z] >>> [apiv2][query] GET https://runtimeconfig.googleapis.com/v1beta1/projects/bryandevblogs/configs [none]
[debug] [2023-03-30T22:57:50.188Z] <<< [apiv2][status] GET https://runtimeconfig.googleapis.com/v1beta1/projects/bryandevblogs/configs 200
[debug] [2023-03-30T22:57:50.188Z] <<< [apiv2][body] GET https://runtimeconfig.googleapis.com/v1beta1/projects/bryandevblogs/configs {}
[debug] [2023-03-30T22:57:50.189Z] Validating nodejs source
[debug] [2023-03-30T22:57:51.103Z] > [functions] package.json contents: {
  "name": "functions",
  "description": "Cloud Functions for Firebase",
  "scripts": {
    "serve": "firebase emulators:start --only functions",
    "shell": "firebase functions:shell",
    "start": "npm run shell",
    "deploy": "firebase deploy --only functions",
    "logs": "firebase functions:log"
  },
  "engines": {
    "node": "16"
  },
  "main": "index.js",
  "dependencies": {
    "firebase-admin": "^11.5.0",
    "firebase-functions": "^4.2.0"
  },
  "devDependencies": {
    "firebase-functions-test": "^3.0.0"
  },
  "private": true
}
[debug] [2023-03-30T22:57:51.103Z] Building nodejs source
[debug] [2023-03-30T22:57:51.103Z] Could not find functions.yaml. Must use http discovery
[debug] [2023-03-30T22:57:51.109Z] Found firebase-functions binary at 'C:\Users\bryan\OneDrive\Desktop\dev-blog\functions\node_modules\.bin\firebase-functions'
[debug] [2023-03-30T22:57:51.257Z] Serving at port 8430

[debug] [2023-03-30T22:57:51.453Z] Got response from /__/functions.yaml {"endpoints":{"addAdminRole":{"platform":"gcfv1","labels":{},"availableMemoryMb":null,"timeoutSeconds":null,"minInstances":null,"maxInstances":null,"ingressSettings":null,"serviceAccountEmail":null,"vpc":null,"callableTrigger":{},"entryPoint":"addAdminRole"}},"specVersion":"v1alpha1","requiredAPIs":[]}
[debug] [2023-03-30T22:57:51.459Z] shutdown requested via /__/quitquitquit

[info] i  functions: preparing functions directory for uploading... 
[info] i  functions: packaged C:\Users\bryan\OneDrive\Desktop\dev-blog\functions (124.83 KB) for uploading 
[debug] [2023-03-30T22:57:51.502Z] >>> [apiv2][query] GET https://cloudfunctions.googleapis.com/v1/projects/bryandevblogs/locations/-/functions [none]
[debug] [2023-03-30T22:57:51.988Z] <<< [apiv2][status] GET https://cloudfunctions.googleapis.com/v1/projects/bryandevblogs/locations/-/functions 200
[debug] [2023-03-30T22:57:51.988Z] <<< [apiv2][body] GET https://cloudfunctions.googleapis.com/v1/projects/bryandevblogs/locations/-/functions {}
[debug] [2023-03-30T22:57:51.989Z] >>> [apiv2][query] GET https://cloudfunctions.googleapis.com/v2/projects/bryandevblogs/locations/-/functions filter=environment%3D%22GEN_2%22
[debug] [2023-03-30T22:57:52.667Z] <<< [apiv2][status] GET https://cloudfunctions.googleapis.com/v2/projects/bryandevblogs/locations/-/functions 200
[debug] [2023-03-30T22:57:52.667Z] <<< [apiv2][body] GET https://cloudfunctions.googleapis.com/v2/projects/bryandevblogs/locations/-/functions {}
[debug] [2023-03-30T22:57:52.671Z] >>> [apiv2][query] GET https://firebase.googleapis.com/v1beta1/projects/bryandevblogs [none]
[debug] [2023-03-30T22:57:52.921Z] <<< [apiv2][status] GET https://firebase.googleapis.com/v1beta1/projects/bryandevblogs 200
[debug] [2023-03-30T22:57:52.921Z] <<< [apiv2][body] GET https://firebase.googleapis.com/v1beta1/projects/bryandevblogs {"projectId":"bryandevblogs","projectNumber":"81628947095","displayName":"bryanDevBlogs","name":"projects/bryandevblogs","resources":{"hostingSite":"bryandevblogs","storageBucket":"bryandevblogs.appspot.com","locationId":"us-central"},"state":"ACTIVE","etag":"1_c61f9ec6-9a24-4e2c-8c38-bad53b5cbbc3"}
[debug] [2023-03-30T22:57:52.922Z] >>> [apiv2][query] POST https://cloudfunctions.googleapis.com/v1/projects/bryandevblogs/locations/us-central1/functions:generateUploadUrl [none]
[debug] [2023-03-30T22:57:52.922Z] >>> [apiv2][body] POST https://cloudfunctions.googleapis.com/v1/projects/bryandevblogs/locations/us-central1/functions:generateUploadUrl {}
